<?xml version="1.0" encoding="UTF-8"?>
<testsuite xmlns:xsi="http://www.w3.org/2001/XMLSchema-instance" xsi:noNamespaceSchemaLocation="https://maven.apache.org/surefire/maven-surefire-plugin/xsd/surefire-test-report.xsd" version="3.0.2" name="TestSuite" time="43.073" tests="22" errors="0" skipped="0" failures="0">
  <properties>
[...]
</properties>
  <testcase name="runScenario[&quot;Redirect to login page when using the toggle menu button&quot;, &quot;Cura Healthcare - Make an Appointment Button&quot;](1)" classname="runners.MainRunner" time="10.035">
    <system-out><![CDATA[
@book-appointment @regression
Scenario Outline:                                                    # file:///Users/bozito/IdeaProjects/Cura_Healthcare_Framework/CURA_Healthcare_Project%20Backcode/src/test/resources/features/Book_Appointment.feature:19

@book-appointment @regression
Scenario Outline:                                                    # file:///Users/bozito/IdeaProjects/Cura_Healthcare_Framework/CURA_Healthcare_Project%20Backcode/src/test/resources/features/Book_Appointment.feature:20

@book-appointment @regression
Scenario Outline:                                                    # file:///Users/bozito/IdeaProjects/Cura_Healthcare_Framework/CURA_Healthcare_Project%20Backcode/src/test/resources/features/Book_Appointment.feature:21

@appointment-button @regression
Scenario: Redirect to login page when using the toggle menu button # file:///Users/bozito/IdeaProjects/Cura_Healthcare_Framework/CURA_Healthcare_Project%20Backcode/src/test/resources/features/Appointment_Button.feature:11

@appointment-button @regression
Scenario: Redirect to login page when clicking Make Appointment button # file:///Users/bozito/IdeaProjects/Cura_Healthcare_Framework/CURA_Healthcare_Project%20Backcode/src/test/resources/features/Appointment_Button.feature:7
  ✔ Given I access the Cura Healthcare Home Page                   # stepDefinitions.Appointment_Button_Steps.i_access_the_cura_healthcare_home_page()
  ✔ When I click on toggle menu                                    # stepDefinitions.Appointment_Button_Steps.i_click_on_toggle_menu()
  ✔ And I click on login                                           # stepDefinitions.Appointment_Button_Steps.i_click_on_login()
  ✔ Then I should be redirected to the login page                  # stepDefinitions.Appointment_Button_Steps.i_should_be_redirected_to_the_login_page()
  ✔ Given The user is logged in                                      # stepDefinitions.Book_Appointment_Steps.the_user_is_logged_in()
  ✔ Then I access the Cura Healthcare Book Appointment Page          # stepDefinitions.Book_Appointment_Steps.i_access_the_cura_healthcare_book_appointment_page()
  ✔ And I choose the facility Tokyo CURA Healthcare Center           # stepDefinitions.Book_Appointment_Steps.i_choose_the_facility(java.lang.String)
  ✔ And I "check" the "applying for hospital admission" checkbox     # stepDefinitions.Book_Appointment_Steps.i_toggle_the_checkbox(java.lang.String)
  ✔ And I choose the Healthcare Program Medicare                     # stepDefinitions.Book_Appointment_Steps.i_choose_the_healthcare_program(java.lang.String)
]]></system-out>
    <system-err><![CDATA[SLF4J(W): No SLF4J providers were found.
SLF4J(W): Defaulting to no-operation (NOP) logger implementation
SLF4J(W): See https://www.slf4j.org/codes.html#noProviders for further details.
]]></system-err>
  </testcase>
  <testcase name="runScenario[&quot;&quot;, &quot;Cura Healthcare - Book Appointment&quot;](2)" classname="runners.MainRunner" time="0.969">
    <system-out><![CDATA[
@book-appointment @regression
Scenario Outline:                                                    # file:///Users/bozito/IdeaProjects/Cura_Healthcare_Framework/CURA_Healthcare_Project%20Backcode/src/test/resources/features/Book_Appointment.feature:22
  ✔ And I choose the visit date                                      # stepDefinitions.Book_Appointment_Steps.i_choose_the_visit_date()
  ✔ And I leave a comment                                            # stepDefinitions.Book_Appointment_Steps.i_leave_a_comment()
  ✔ Given I access the Cura Healthcare Home Page                       # stepDefinitions.Appointment_Button_Steps.i_access_the_cura_healthcare_home_page()
  ✔ And I click on book appointment button                           # stepDefinitions.Book_Appointment_Steps.i_click_on_book_appointment_button()
✅ Text matches: Appointment Confirmation
  ✔ Then I should be redirected to the Appointment Confirmation page # stepDefinitions.Book_Appointment_Steps.i_should_be_redirected_to_the_appointment_confirmation_page()
]]></system-out>
  </testcase>
  <testcase name="runScenario[&quot;Redirect to login page when clicking Make Appointment button&quot;, &quot;Cura Healthcare - Make an Appointment Button&quot;](3)" classname="runners.MainRunner" time="0.751">
    <system-out><![CDATA[
@book-appointment @regression
Scenario Outline:                                                    # file:///Users/bozito/IdeaProjects/Cura_Healthcare_Framework/CURA_Healthcare_Project%20Backcode/src/test/resources/features/Book_Appointment.feature:23
  ✔ When I click on make appointment button                            # stepDefinitions.Appointment_Button_Steps.i_click_on()
  ✔ Then I should be redirected to the login page                      # stepDefinitions.Appointment_Button_Steps.i_should_be_redirected_to_the_login_page()
  ✔ Given The user is logged in                                      # stepDefinitions.Book_Appointment_Steps.the_user_is_logged_in()
  ✔ Then I access the Cura Healthcare Book Appointment Page          # stepDefinitions.Book_Appointment_Steps.i_access_the_cura_healthcare_book_appointment_page()
  ✔ And I choose the facility Tokyo CURA Healthcare Center           # stepDefinitions.Book_Appointment_Steps.i_choose_the_facility(java.lang.String)
  ✔ And I "uncheck" the "applying for hospital admission" checkbox   # stepDefinitions.Book_Appointment_Steps.i_toggle_the_checkbox(java.lang.String)
  ✔ Given The user is logged in                                      # stepDefinitions.Book_Appointment_Steps.the_user_is_logged_in()
  ✔ Then I access the Cura Healthcare Book Appointment Page          # stepDefinitions.Book_Appointment_Steps.i_access_the_cura_healthcare_book_appointment_page()
  ✔ And I choose the facility Tokyo CURA Healthcare Center           # stepDefinitions.Book_Appointment_Steps.i_choose_the_facility(java.lang.String)
]]></system-out>
  </testcase>
  <testcase name="runScenario[&quot;&quot;, &quot;Cura Healthcare - Book Appointment&quot;](4)" classname="runners.MainRunner" time="1.419">
    <system-out><![CDATA[
@book-appointment @regression
Scenario Outline:                                                    # file:///Users/bozito/IdeaProjects/Cura_Healthcare_Framework/CURA_Healthcare_Project%20Backcode/src/test/resources/features/Book_Appointment.feature:24
  ✔ And I choose the Healthcare Program Medicare                     # stepDefinitions.Book_Appointment_Steps.i_choose_the_healthcare_program(java.lang.String)
  ✔ And I "check" the "applying for hospital admission" checkbox     # stepDefinitions.Book_Appointment_Steps.i_toggle_the_checkbox(java.lang.String)
  ✔ And I choose the Healthcare Program Medicaid                     # stepDefinitions.Book_Appointment_Steps.i_choose_the_healthcare_program(java.lang.String)
  ✔ And I choose the visit date                                      # stepDefinitions.Book_Appointment_Steps.i_choose_the_visit_date()
  ✔ And I leave a comment                                            # stepDefinitions.Book_Appointment_Steps.i_leave_a_comment()
  ✔ And I choose the visit date                                      # stepDefinitions.Book_Appointment_Steps.i_choose_the_visit_date()
  ✔ And I leave a comment                                            # stepDefinitions.Book_Appointment_Steps.i_leave_a_comment()
  ✔ And I click on book appointment button                           # stepDefinitions.Book_Appointment_Steps.i_click_on_book_appointment_button()
✅ Text matches: Appointment Confirmation
  ✔ Then I should be redirected to the Appointment Confirmation page # stepDefinitions.Book_Appointment_Steps.i_should_be_redirected_to_the_appointment_confirmation_page()
  ✔ And I click on book appointment button                           # stepDefinitions.Book_Appointment_Steps.i_click_on_book_appointment_button()
✅ Text matches: Appointment Confirmation
  ✔ Then I should be redirected to the Appointment Confirmation page # stepDefinitions.Book_Appointment_Steps.i_should_be_redirected_to_the_appointment_confirmation_page()
]]></system-out>
  </testcase>
  <testcase name="runScenario[&quot;&quot;, &quot;Cura Healthcare - Book Appointment&quot;](5)" classname="runners.MainRunner" time="0.488">
    <system-out><![CDATA[
@book-appointment @regression
Scenario Outline:                                                    # file:///Users/bozito/IdeaProjects/Cura_Healthcare_Framework/CURA_Healthcare_Project%20Backcode/src/test/resources/features/Book_Appointment.feature:25
]]></system-out>
  </testcase>
  <testcase name="runScenario[&quot;&quot;, &quot;Cura Healthcare - Book Appointment&quot;](6)" classname="runners.MainRunner" time="1.864">
    <system-out><![CDATA[
@book-appointment @regression
Scenario Outline:                                                    # file:///Users/bozito/IdeaProjects/Cura_Healthcare_Framework/CURA_Healthcare_Project%20Backcode/src/test/resources/features/Book_Appointment.feature:26
  ✔ Given The user is logged in                                      # stepDefinitions.Book_Appointment_Steps.the_user_is_logged_in()
  ✔ Then I access the Cura Healthcare Book Appointment Page          # stepDefinitions.Book_Appointment_Steps.i_access_the_cura_healthcare_book_appointment_page()
  ✔ And I choose the facility Tokyo CURA Healthcare Center           # stepDefinitions.Book_Appointment_Steps.i_choose_the_facility(java.lang.String)
  ✔ And I "uncheck" the "applying for hospital admission" checkbox   # stepDefinitions.Book_Appointment_Steps.i_toggle_the_checkbox(java.lang.String)
  ✔ And I choose the Healthcare Program Medicaid                     # stepDefinitions.Book_Appointment_Steps.i_choose_the_healthcare_program(java.lang.String)
  ✔ And I choose the visit date                                      # stepDefinitions.Book_Appointment_Steps.i_choose_the_visit_date()
  ✔ And I leave a comment                                            # stepDefinitions.Book_Appointment_Steps.i_leave_a_comment()
  ✔ And I click on book appointment button                           # stepDefinitions.Book_Appointment_Steps.i_click_on_book_appointment_button()
✅ Text matches: Appointment Confirmation
  ✔ Then I should be redirected to the Appointment Confirmation page # stepDefinitions.Book_Appointment_Steps.i_should_be_redirected_to_the_appointment_confirmation_page()
  ✔ Given The user is logged in                                      # stepDefinitions.Book_Appointment_Steps.the_user_is_logged_in()
  ✔ Then I access the Cura Healthcare Book Appointment Page          # stepDefinitions.Book_Appointment_Steps.i_access_the_cura_healthcare_book_appointment_page()
  ✔ And I choose the facility Tokyo CURA Healthcare Center           # stepDefinitions.Book_Appointment_Steps.i_choose_the_facility(java.lang.String)
]]></system-out>
  </testcase>
  <testcase name="runScenario[&quot;&quot;, &quot;Cura Healthcare - Book Appointment&quot;](7)" classname="runners.MainRunner" time="1.331">
    <system-out><![CDATA[
@book-appointment @regression
Scenario Outline:                                                    # file:///Users/bozito/IdeaProjects/Cura_Healthcare_Framework/CURA_Healthcare_Project%20Backcode/src/test/resources/features/Book_Appointment.feature:27
  ✔ And I "check" the "applying for hospital admission" checkbox     # stepDefinitions.Book_Appointment_Steps.i_toggle_the_checkbox(java.lang.String)
  ✔ Given The user is logged in                                      # stepDefinitions.Book_Appointment_Steps.the_user_is_logged_in()
  ✔ Then I access the Cura Healthcare Book Appointment Page          # stepDefinitions.Book_Appointment_Steps.i_access_the_cura_healthcare_book_appointment_page()
  ✔ And I choose the facility Tokyo CURA Healthcare Center           # stepDefinitions.Book_Appointment_Steps.i_choose_the_facility(java.lang.String)
  ✔ And I choose the Healthcare Program None                         # stepDefinitions.Book_Appointment_Steps.i_choose_the_healthcare_program(java.lang.String)
  ✔ And I "uncheck" the "applying for hospital admission" checkbox   # stepDefinitions.Book_Appointment_Steps.i_toggle_the_checkbox(java.lang.String)
  ✔ And I choose the Healthcare Program None                         # stepDefinitions.Book_Appointment_Steps.i_choose_the_healthcare_program(java.lang.String)
  ✔ And I choose the visit date                                      # stepDefinitions.Book_Appointment_Steps.i_choose_the_visit_date()
  ✔ And I leave a comment                                            # stepDefinitions.Book_Appointment_Steps.i_leave_a_comment()
  ✔ And I click on book appointment button                           # stepDefinitions.Book_Appointment_Steps.i_click_on_book_appointment_button()
✅ Text matches: Appointment Confirmation
  ✔ Then I should be redirected to the Appointment Confirmation page # stepDefinitions.Book_Appointment_Steps.i_should_be_redirected_to_the_appointment_confirmation_page()
  ✔ And I choose the visit date                                      # stepDefinitions.Book_Appointment_Steps.i_choose_the_visit_date()
  ✔ And I leave a comment                                            # stepDefinitions.Book_Appointment_Steps.i_leave_a_comment()
  ✔ And I click on book appointment button                           # stepDefinitions.Book_Appointment_Steps.i_click_on_book_appointment_button()
✅ Text matches: Appointment Confirmation
  ✔ Then I should be redirected to the Appointment Confirmation page # stepDefinitions.Book_Appointment_Steps.i_should_be_redirected_to_the_appointment_confirmation_page()
]]></system-out>
  </testcase>
  <testcase name="runScenario[&quot;&quot;, &quot;Cura Healthcare - Book Appointment&quot;](8)" classname="runners.MainRunner" time="0.223">
    <system-out><![CDATA[
@book-appointment @regression
Scenario Outline:                                                    # file:///Users/bozito/IdeaProjects/Cura_Healthcare_Framework/CURA_Healthcare_Project%20Backcode/src/test/resources/features/Book_Appointment.feature:28
]]></system-out>
  </testcase>
  <testcase name="runScenario[&quot;&quot;, &quot;Cura Healthcare - Book Appointment&quot;](9)" classname="runners.MainRunner" time="1.831">
    <system-out><![CDATA[
@book-appointment @regression
Scenario Outline:                                                    # file:///Users/bozito/IdeaProjects/Cura_Healthcare_Framework/CURA_Healthcare_Project%20Backcode/src/test/resources/features/Book_Appointment.feature:29
  ✔ Given The user is logged in                                      # stepDefinitions.Book_Appointment_Steps.the_user_is_logged_in()
  ✔ Then I access the Cura Healthcare Book Appointment Page          # stepDefinitions.Book_Appointment_Steps.i_access_the_cura_healthcare_book_appointment_page()
  ✔ And I choose the facility Hongkong CURA Healthcare Center        # stepDefinitions.Book_Appointment_Steps.i_choose_the_facility(java.lang.String)
  ✔ And I "check" the "applying for hospital admission" checkbox     # stepDefinitions.Book_Appointment_Steps.i_toggle_the_checkbox(java.lang.String)
  ✔ Given The user is logged in                                      # stepDefinitions.Book_Appointment_Steps.the_user_is_logged_in()
  ✔ Then I access the Cura Healthcare Book Appointment Page          # stepDefinitions.Book_Appointment_Steps.i_access_the_cura_healthcare_book_appointment_page()
  ✔ And I choose the Healthcare Program Medicare                     # stepDefinitions.Book_Appointment_Steps.i_choose_the_healthcare_program(java.lang.String)
  ✔ And I choose the facility Hongkong CURA Healthcare Center        # stepDefinitions.Book_Appointment_Steps.i_choose_the_facility(java.lang.String)
  ✔ And I "uncheck" the "applying for hospital admission" checkbox   # stepDefinitions.Book_Appointment_Steps.i_toggle_the_checkbox(java.lang.String)
  ✔ And I choose the visit date                                      # stepDefinitions.Book_Appointment_Steps.i_choose_the_visit_date()
  ✔ And I leave a comment                                            # stepDefinitions.Book_Appointment_Steps.i_leave_a_comment()
  ✔ And I choose the Healthcare Program Medicare                     # stepDefinitions.Book_Appointment_Steps.i_choose_the_healthcare_program(java.lang.String)
  ✔ And I click on book appointment button                           # stepDefinitions.Book_Appointment_Steps.i_click_on_book_appointment_button()
✅ Text matches: Appointment Confirmation
  ✔ Then I should be redirected to the Appointment Confirmation page # stepDefinitions.Book_Appointment_Steps.i_should_be_redirected_to_the_appointment_confirmation_page()
  ✔ And I choose the visit date                                      # stepDefinitions.Book_Appointment_Steps.i_choose_the_visit_date()
  ✔ And I leave a comment                                            # stepDefinitions.Book_Appointment_Steps.i_leave_a_comment()
  ✔ And I click on book appointment button                           # stepDefinitions.Book_Appointment_Steps.i_click_on_book_appointment_button()
✅ Text matches: Appointment Confirmation
  ✔ Then I should be redirected to the Appointment Confirmation page # stepDefinitions.Book_Appointment_Steps.i_should_be_redirected_to_the_appointment_confirmation_page()
]]></system-out>
  </testcase>
  <testcase name="runScenario[&quot;&quot;, &quot;Cura Healthcare - Book Appointment&quot;](10)" classname="runners.MainRunner" time="0.227">
    <system-out><![CDATA[
@book-appointment @regression
Scenario Outline:                                                    # file:///Users/bozito/IdeaProjects/Cura_Healthcare_Framework/CURA_Healthcare_Project%20Backcode/src/test/resources/features/Book_Appointment.feature:30
]]></system-out>
  </testcase>
  <testcase name="runScenario[&quot;&quot;, &quot;Cura Healthcare - Book Appointment&quot;](11)" classname="runners.MainRunner" time="2.049">
    <system-out><![CDATA[
@book-appointment @regression
Scenario Outline:                                                    # file:///Users/bozito/IdeaProjects/Cura_Healthcare_Framework/CURA_Healthcare_Project%20Backcode/src/test/resources/features/Book_Appointment.feature:31
  ✔ Given The user is logged in                                      # stepDefinitions.Book_Appointment_Steps.the_user_is_logged_in()
  ✔ Then I access the Cura Healthcare Book Appointment Page          # stepDefinitions.Book_Appointment_Steps.i_access_the_cura_healthcare_book_appointment_page()
  ✔ And I choose the facility Hongkong CURA Healthcare Center        # stepDefinitions.Book_Appointment_Steps.i_choose_the_facility(java.lang.String)
  ✔ And I "check" the "applying for hospital admission" checkbox     # stepDefinitions.Book_Appointment_Steps.i_toggle_the_checkbox(java.lang.String)
  ✔ And I choose the Healthcare Program Medicaid                     # stepDefinitions.Book_Appointment_Steps.i_choose_the_healthcare_program(java.lang.String)
  ✔ And I choose the visit date                                      # stepDefinitions.Book_Appointment_Steps.i_choose_the_visit_date()
  ✔ And I leave a comment                                            # stepDefinitions.Book_Appointment_Steps.i_leave_a_comment()
  ✔ And I click on book appointment button                           # stepDefinitions.Book_Appointment_Steps.i_click_on_book_appointment_button()
✅ Text matches: Appointment Confirmation
  ✔ Then I should be redirected to the Appointment Confirmation page # stepDefinitions.Book_Appointment_Steps.i_should_be_redirected_to_the_appointment_confirmation_page()
  ✔ Given The user is logged in                                      # stepDefinitions.Book_Appointment_Steps.the_user_is_logged_in()
  ✔ Then I access the Cura Healthcare Book Appointment Page          # stepDefinitions.Book_Appointment_Steps.i_access_the_cura_healthcare_book_appointment_page()
  ✔ And I choose the facility Hongkong CURA Healthcare Center        # stepDefinitions.Book_Appointment_Steps.i_choose_the_facility(java.lang.String)
  ✔ And I "uncheck" the "applying for hospital admission" checkbox   # stepDefinitions.Book_Appointment_Steps.i_toggle_the_checkbox(java.lang.String)
  ✔ And I choose the Healthcare Program Medicaid                     # stepDefinitions.Book_Appointment_Steps.i_choose_the_healthcare_program(java.lang.String)
]]></system-out>
  </testcase>
  <testcase name="runScenario[&quot;&quot;, &quot;Cura Healthcare - Book Appointment&quot;](12)" classname="runners.MainRunner" time="0.93">
    <system-out><![CDATA[
@book-appointment @regression
Scenario Outline:                                                    # file:///Users/bozito/IdeaProjects/Cura_Healthcare_Framework/CURA_Healthcare_Project%20Backcode/src/test/resources/features/Book_Appointment.feature:32
  ✔ And I choose the visit date                                      # stepDefinitions.Book_Appointment_Steps.i_choose_the_visit_date()
  ✔ And I leave a comment                                            # stepDefinitions.Book_Appointment_Steps.i_leave_a_comment()
  ✔ And I click on book appointment button                           # stepDefinitions.Book_Appointment_Steps.i_click_on_book_appointment_button()
✅ Text matches: Appointment Confirmation
  ✔ Then I should be redirected to the Appointment Confirmation page # stepDefinitions.Book_Appointment_Steps.i_should_be_redirected_to_the_appointment_confirmation_page()
]]></system-out>
  </testcase>
  <testcase name="runScenario[&quot;&quot;, &quot;Cura Healthcare - Book Appointment&quot;](13)" classname="runners.MainRunner" time="2.1">
    <system-out><![CDATA[
@book-appointment @regression
Scenario Outline:                                                    # file:///Users/bozito/IdeaProjects/Cura_Healthcare_Framework/CURA_Healthcare_Project%20Backcode/src/test/resources/features/Book_Appointment.feature:33
  ✔ Given The user is logged in                                      # stepDefinitions.Book_Appointment_Steps.the_user_is_logged_in()
  ✔ Then I access the Cura Healthcare Book Appointment Page          # stepDefinitions.Book_Appointment_Steps.i_access_the_cura_healthcare_book_appointment_page()
  ✔ And I choose the facility Hongkong CURA Healthcare Center        # stepDefinitions.Book_Appointment_Steps.i_choose_the_facility(java.lang.String)
  ✔ And I "uncheck" the "applying for hospital admission" checkbox   # stepDefinitions.Book_Appointment_Steps.i_toggle_the_checkbox(java.lang.String)
  ✔ And I choose the Healthcare Program None                         # stepDefinitions.Book_Appointment_Steps.i_choose_the_healthcare_program(java.lang.String)
  ✔ And I choose the visit date                                      # stepDefinitions.Book_Appointment_Steps.i_choose_the_visit_date()
  ✔ And I leave a comment                                            # stepDefinitions.Book_Appointment_Steps.i_leave_a_comment()
  ✔ And I click on book appointment button                           # stepDefinitions.Book_Appointment_Steps.i_click_on_book_appointment_button()
✅ Text matches: Appointment Confirmation
  ✔ Then I should be redirected to the Appointment Confirmation page # stepDefinitions.Book_Appointment_Steps.i_should_be_redirected_to_the_appointment_confirmation_page()
  ✔ Given The user is logged in                                      # stepDefinitions.Book_Appointment_Steps.the_user_is_logged_in()
  ✔ Then I access the Cura Healthcare Book Appointment Page          # stepDefinitions.Book_Appointment_Steps.i_access_the_cura_healthcare_book_appointment_page()
]]></system-out>
  </testcase>
  <testcase name="runScenario[&quot;&quot;, &quot;Cura Healthcare - Book Appointment&quot;](14)" classname="runners.MainRunner" time="1.479">
    <system-out><![CDATA[
@book-appointment @regression
Scenario Outline:                                                    # file:///Users/bozito/IdeaProjects/Cura_Healthcare_Framework/CURA_Healthcare_Project%20Backcode/src/test/resources/features/Book_Appointment.feature:34
  ✔ And I choose the facility Seoul CURA Healthcare Center           # stepDefinitions.Book_Appointment_Steps.i_choose_the_facility(java.lang.String)
  ✔ And I "check" the "applying for hospital admission" checkbox     # stepDefinitions.Book_Appointment_Steps.i_toggle_the_checkbox(java.lang.String)
  ✔ And I choose the Healthcare Program Medicare                     # stepDefinitions.Book_Appointment_Steps.i_choose_the_healthcare_program(java.lang.String)
  ✔ And I choose the visit date                                      # stepDefinitions.Book_Appointment_Steps.i_choose_the_visit_date()
  ✔ And I leave a comment                                            # stepDefinitions.Book_Appointment_Steps.i_leave_a_comment()
  ✔ And I click on book appointment button                           # stepDefinitions.Book_Appointment_Steps.i_click_on_book_appointment_button()
✅ Text matches: Appointment Confirmation
  ✔ Then I should be redirected to the Appointment Confirmation page # stepDefinitions.Book_Appointment_Steps.i_should_be_redirected_to_the_appointment_confirmation_page()
  ✔ Given The user is logged in                                      # stepDefinitions.Book_Appointment_Steps.the_user_is_logged_in()
  ✔ Then I access the Cura Healthcare Book Appointment Page          # stepDefinitions.Book_Appointment_Steps.i_access_the_cura_healthcare_book_appointment_page()
  ✔ And I choose the facility Seoul CURA Healthcare Center           # stepDefinitions.Book_Appointment_Steps.i_choose_the_facility(java.lang.String)
  ✔ And I "uncheck" the "applying for hospital admission" checkbox   # stepDefinitions.Book_Appointment_Steps.i_toggle_the_checkbox(java.lang.String)
]]></system-out>
  </testcase>
  <testcase name="runScenario[&quot;&quot;, &quot;Cura Healthcare - Book Appointment&quot;](15)" classname="runners.MainRunner" time="1.001">
    <system-out><![CDATA[
@book-appointment @regression
Scenario Outline:                                                    # file:///Users/bozito/IdeaProjects/Cura_Healthcare_Framework/CURA_Healthcare_Project%20Backcode/src/test/resources/features/Book_Appointment.feature:35
  ✔ And I choose the Healthcare Program Medicare                     # stepDefinitions.Book_Appointment_Steps.i_choose_the_healthcare_program(java.lang.String)
  ✔ And I choose the visit date                                      # stepDefinitions.Book_Appointment_Steps.i_choose_the_visit_date()
  ✔ And I leave a comment                                            # stepDefinitions.Book_Appointment_Steps.i_leave_a_comment()
  ✔ Given The user is logged in                                      # stepDefinitions.Book_Appointment_Steps.the_user_is_logged_in()
  ✔ Then I access the Cura Healthcare Book Appointment Page          # stepDefinitions.Book_Appointment_Steps.i_access_the_cura_healthcare_book_appointment_page()
  ✔ And I click on book appointment button                           # stepDefinitions.Book_Appointment_Steps.i_click_on_book_appointment_button()
✅ Text matches: Appointment Confirmation
  ✔ Then I should be redirected to the Appointment Confirmation page # stepDefinitions.Book_Appointment_Steps.i_should_be_redirected_to_the_appointment_confirmation_page()
  ✔ And I choose the facility Seoul CURA Healthcare Center           # stepDefinitions.Book_Appointment_Steps.i_choose_the_facility(java.lang.String)
  ✔ And I "check" the "applying for hospital admission" checkbox     # stepDefinitions.Book_Appointment_Steps.i_toggle_the_checkbox(java.lang.String)
]]></system-out>
  </testcase>
  <testcase name="runScenario[&quot;&quot;, &quot;Cura Healthcare - Book Appointment&quot;](16)" classname="runners.MainRunner" time="1.198">
    <system-out><![CDATA[
@book-appointment @regression
Scenario Outline:                                                    # file:///Users/bozito/IdeaProjects/Cura_Healthcare_Framework/CURA_Healthcare_Project%20Backcode/src/test/resources/features/Book_Appointment.feature:36
  ✔ And I choose the Healthcare Program Medicaid                     # stepDefinitions.Book_Appointment_Steps.i_choose_the_healthcare_program(java.lang.String)
  ✔ And I choose the visit date                                      # stepDefinitions.Book_Appointment_Steps.i_choose_the_visit_date()
  ✔ And I leave a comment                                            # stepDefinitions.Book_Appointment_Steps.i_leave_a_comment()
  ✔ And I click on book appointment button                           # stepDefinitions.Book_Appointment_Steps.i_click_on_book_appointment_button()
✅ Text matches: Appointment Confirmation
  ✔ Then I should be redirected to the Appointment Confirmation page # stepDefinitions.Book_Appointment_Steps.i_should_be_redirected_to_the_appointment_confirmation_page()
]]></system-out>
  </testcase>
  <testcase name="runScenario[&quot;&quot;, &quot;Cura Healthcare - Book Appointment&quot;](17)" classname="runners.MainRunner" time="1.518">
    <system-out><![CDATA[
@login-page @regression
Scenario Outline: Successful & Unsuccessful Login       # file:///Users/bozito/IdeaProjects/Cura_Healthcare_Framework/CURA_Healthcare_Project%20Backcode/src/test/resources/features/Login_Page.feature:15
  ✔ Given The user is logged in                                      # stepDefinitions.Book_Appointment_Steps.the_user_is_logged_in()
  ✔ Then I access the Cura Healthcare Book Appointment Page          # stepDefinitions.Book_Appointment_Steps.i_access_the_cura_healthcare_book_appointment_page()
  ✔ And I choose the facility Seoul CURA Healthcare Center           # stepDefinitions.Book_Appointment_Steps.i_choose_the_facility(java.lang.String)
  ✔ And I "uncheck" the "applying for hospital admission" checkbox   # stepDefinitions.Book_Appointment_Steps.i_toggle_the_checkbox(java.lang.String)
  ✔ And I choose the Healthcare Program Medicaid                     # stepDefinitions.Book_Appointment_Steps.i_choose_the_healthcare_program(java.lang.String)
  ✔ And I choose the visit date                                      # stepDefinitions.Book_Appointment_Steps.i_choose_the_visit_date()
  ✔ And I leave a comment                                            # stepDefinitions.Book_Appointment_Steps.i_leave_a_comment()
  ✔ And I click on book appointment button                           # stepDefinitions.Book_Appointment_Steps.i_click_on_book_appointment_button()
✅ Text matches: Appointment Confirmation
  ✔ Then I should be redirected to the Appointment Confirmation page # stepDefinitions.Book_Appointment_Steps.i_should_be_redirected_to_the_appointment_confirmation_page()
]]></system-out>
  </testcase>
  <testcase name="runScenario[&quot;&quot;, &quot;Cura Healthcare - Book Appointment&quot;](18)" classname="runners.MainRunner" time="1.635">
    <system-out><![CDATA[
@login-page @regression
Scenario Outline: Successful & Unsuccessful Login # file:///Users/bozito/IdeaProjects/Cura_Healthcare_Framework/CURA_Healthcare_Project%20Backcode/src/test/resources/features/Login_Page.feature:16
  ✔ Given The user is logged in                                      # stepDefinitions.Book_Appointment_Steps.the_user_is_logged_in()
  ✔ Then I access the Cura Healthcare Book Appointment Page          # stepDefinitions.Book_Appointment_Steps.i_access_the_cura_healthcare_book_appointment_page()
  ✔ And I choose the facility Seoul CURA Healthcare Center           # stepDefinitions.Book_Appointment_Steps.i_choose_the_facility(java.lang.String)
  ✔ And I "check" the "applying for hospital admission" checkbox     # stepDefinitions.Book_Appointment_Steps.i_toggle_the_checkbox(java.lang.String)
  ✔ And I choose the Healthcare Program None                         # stepDefinitions.Book_Appointment_Steps.i_choose_the_healthcare_program(java.lang.String)
  ✔ And I choose the visit date                                      # stepDefinitions.Book_Appointment_Steps.i_choose_the_visit_date()
  ✔ And I leave a comment                                            # stepDefinitions.Book_Appointment_Steps.i_leave_a_comment()
  ✔ And I click on book appointment button                           # stepDefinitions.Book_Appointment_Steps.i_click_on_book_appointment_button()
✅ Text matches: Appointment Confirmation
  ✔ Then I should be redirected to the Appointment Confirmation page # stepDefinitions.Book_Appointment_Steps.i_should_be_redirected_to_the_appointment_confirmation_page()
  ✔ Given The user is logged in                                      # stepDefinitions.Book_Appointment_Steps.the_user_is_logged_in()
  ✔ Then I access the Cura Healthcare Book Appointment Page          # stepDefinitions.Book_Appointment_Steps.i_access_the_cura_healthcare_book_appointment_page()
  ✔ And I choose the facility Seoul CURA Healthcare Center           # stepDefinitions.Book_Appointment_Steps.i_choose_the_facility(java.lang.String)
  ✔ And I "uncheck" the "applying for hospital admission" checkbox   # stepDefinitions.Book_Appointment_Steps.i_toggle_the_checkbox(java.lang.String)
  ✔ Given I access the Cura Healthcare Login Page       # stepDefinitions.Login_Page_Steps.i_access_the_cura_healthcare_login_page()
]]></system-out>
  </testcase>
  <testcase name="runScenario[&quot;&quot;, &quot;Cura Healthcare - Book Appointment&quot;](19)" classname="runners.MainRunner" time="2.606">
    <system-out><![CDATA[  ✔ And I choose the Healthcare Program None                         # stepDefinitions.Book_Appointment_Steps.i_choose_the_healthcare_program(java.lang.String)
  ✔ When I enter a username John Doe                    # stepDefinitions.Login_Page_Steps.i_enter_a_username(java.lang.String)
  ✔ And I choose the visit date                                      # stepDefinitions.Book_Appointment_Steps.i_choose_the_visit_date()
  ✔ And I leave a comment                                            # stepDefinitions.Book_Appointment_Steps.i_leave_a_comment()
  ✔ And I enter a password ThisIsNotAPassword           # stepDefinitions.Login_Page_Steps.i_enter_a_password(java.lang.String)
  ✔ And I click on book appointment button                           # stepDefinitions.Book_Appointment_Steps.i_click_on_book_appointment_button()
✅ Text matches: Appointment Confirmation
  ✔ Then I should be redirected to the Appointment Confirmation page # stepDefinitions.Book_Appointment_Steps.i_should_be_redirected_to_the_appointment_confirmation_page()
  ✔ And I click on the login button                     # stepDefinitions.Login_Page_Steps.i_click_on_the_login_button()
  ✔ Then I should be redirected to the appointment page # stepDefinitions.Login_Page_Steps.i_should_be_redirected_to_the_appointment_page()
]]></system-out>
  </testcase>
  <testcase name="runScenario[&quot;Successful &amp; Unsuccessful Login&quot;, &quot;Cura Healthcare - Login Page&quot;](20)" classname="runners.MainRunner" time="2.787"/>
  <testcase name="runScenario[&quot;&quot;, &quot;Cura Healthcare - Book Appointment&quot;](21)" classname="runners.MainRunner" time="7.422">
    <system-out><![CDATA[  ✔ Given The user is logged in                                      # stepDefinitions.Book_Appointment_Steps.the_user_is_logged_in()
  ✔ Then I access the Cura Healthcare Book Appointment Page          # stepDefinitions.Book_Appointment_Steps.i_access_the_cura_healthcare_book_appointment_page()
  ✔ And I choose the facility Hongkong CURA Healthcare Center        # stepDefinitions.Book_Appointment_Steps.i_choose_the_facility(java.lang.String)
  ✔ And I "check" the "applying for hospital admission" checkbox     # stepDefinitions.Book_Appointment_Steps.i_toggle_the_checkbox(java.lang.String)
  ✔ And I choose the Healthcare Program None                         # stepDefinitions.Book_Appointment_Steps.i_choose_the_healthcare_program(java.lang.String)
  ✔ And I choose the visit date                                      # stepDefinitions.Book_Appointment_Steps.i_choose_the_visit_date()
  ✔ And I leave a comment                                            # stepDefinitions.Book_Appointment_Steps.i_leave_a_comment()
  ✔ And I click on book appointment button                           # stepDefinitions.Book_Appointment_Steps.i_click_on_book_appointment_button()
✅ Text matches: Appointment Confirmation
  ✔ Then I should be redirected to the Appointment Confirmation page # stepDefinitions.Book_Appointment_Steps.i_should_be_redirected_to_the_appointment_confirmation_page()
]]></system-out>
  </testcase>
  <testcase name="runScenario[&quot;Successful &amp; Unsuccessful Login&quot;, &quot;Cura Healthcare - Login Page&quot;](22)" classname="runners.MainRunner" time="13.22">
    <system-out><![CDATA[  ✔ Given I access the Cura Healthcare Login Page # stepDefinitions.Login_Page_Steps.i_access_the_cura_healthcare_login_page()
  ✔ When I enter a username John Doe              # stepDefinitions.Login_Page_Steps.i_enter_a_username(java.lang.String)
  ✔ And I enter a password wrongPassword          # stepDefinitions.Login_Page_Steps.i_enter_a_password(java.lang.String)
  ✔ And I click on the login button               # stepDefinitions.Login_Page_Steps.i_click_on_the_login_button()
  ✔ Then I should see an error message            # stepDefinitions.Login_Page_Steps.i_should_see_an_error_message()
]]></system-out>
  </testcase>
</testsuite>